2006.01.04 13:36 B C:\mcgowan\chess\images\big.jpg <-- BHS Web Server /chess/images big.jpg
2006.01.04 13:36 B C:\mcgowan\chess\images\boards.jpg <-- BHS Web Server /chess/images boards.jpg
2006.01.04 13:36 B C:\mcgowan\chess\images\chesspieces.jpg <-- BHS Web Server /chess/images chesspieces.jpg
2006.01.04 13:36 B C:\mcgowan\chess\images\links.jpg <-- BHS Web Server /chess/images links.jpg
2006.01.04 13:36 B C:\mcgowan\chess\images\members.jpg <-- BHS Web Server /chess/images members.jpg
2006.01.04 13:36 B C:\mcgowan\chess\images\ray3.jpg <-- BHS Web Server /chess/images ray3.jpg
2006.01.04 13:36 B C:\mcgowan\chess\images\ray4.jpg <-- BHS Web Server /chess/images ray4.jpg
2006.01.04 13:37 B C:\mcgowan\chess\images\ray5.jpg <-- BHS Web Server /chess/images ray5.jpg
2006.01.04 13:37 B C:\mcgowan\chess\images\rules.jpg <-- BHS Web Server /chess/images rules.jpg
2006.01.04 13:37 B C:\mcgowan\chess\images\schedule.jpg <-- BHS Web Server /chess/images schedule.jpg
2006.01.04 13:37 B C:\mcgowan\chess\images\standings.jpg <-- BHS Web Server /chess/images standings.jpg
2006.01.04 13:37 B C:\mcgowan\chess\images\text.jpg <-- BHS Web Server /chess/images text.jpg
2006.01.04 13:40 B c:\mcgowan\chess\images\big.jpg --> northshorechess.org /nsiclweb/images big.jpg
2006.01.04 13:40 B c:\mcgowan\chess\images\boards.jpg --> northshorechess.org /nsiclweb/images boards.jpg
2006.01.04 13:41 B c:\mcgowan\chess\images\chesspieces.jpg --> northshorechess.org /nsiclweb/images chesspieces.jpg
2006.01.04 13:41 B c:\mcgowan\chess\images\links.jpg --> northshorechess.org /nsiclweb/images links.jpg
2006.01.04 13:41 B c:\mcgowan\chess\images\members.jpg --> northshorechess.org /nsiclweb/images members.jpg
2006.01.04 13:41 B c:\mcgowan\chess\images\ray3.jpg --> northshorechess.org /nsiclweb/images ray3.jpg
2006.01.04 13:41 B c:\mcgowan\chess\images\ray4.jpg --> northshorechess.org /nsiclweb/images ray4.jpg
2006.01.04 13:41 B c:\mcgowan\chess\images\ray5.jpg --> northshorechess.org /nsiclweb/images ray5.jpg
2006.01.04 13:41 B c:\mcgowan\chess\images\rules.jpg --> northshorechess.org /nsiclweb/images rules.jpg
2006.01.04 13:41 B c:\mcgowan\chess\images\schedule.jpg --> northshorechess.org /nsiclweb/images schedule.jpg
2006.01.04 13:41 B c:\mcgowan\chess\images\standings.jpg --> northshorechess.org /nsiclweb/images standings.jpg
2006.01.04 13:41 B c:\mcgowan\chess\images\text.jpg --> northshorechess.org /nsiclweb/images text.jpg
