2002.02.24 12:53 B C:\Program Files\WS_FTP\tmp\web\images\aaron68.jpg <-- home page /images aaron68.jpg
2002.02.24 12:53 B C:\Program Files\WS_FTP\tmp\web\images\aaron70.jpg <-- home page /images aaron70.jpg
2002.02.24 12:53 B C:\Program Files\WS_FTP\tmp\web\images\aaron75.jpg <-- home page /images aaron75.jpg
2002.02.24 12:53 B C:\Program Files\WS_FTP\tmp\web\images\aaronf.jpg <-- home page /images aaronf.jpg
2002.02.24 12:53 B C:\Program Files\WS_FTP\tmp\web\images\aaronr.jpg <-- home page /images aaronr.jpg
2002.02.24 12:53 B C:\Program Files\WS_FTP\tmp\web\images\addition-1.jpg <-- home page /images addition-1.jpg
2002.02.24 12:53 B C:\Program Files\WS_FTP\tmp\web\images\addition-2.jpg <-- home page /images addition-2.jpg
2002.02.24 12:53 B C:\Program Files\WS_FTP\tmp\web\images\addition-3.jpg <-- home page /images addition-3.jpg
2002.02.24 12:53 B C:\Program Files\WS_FTP\tmp\web\images\addition-4.jpg <-- home page /images addition-4.jpg
2002.02.24 12:53 B C:\Program Files\WS_FTP\tmp\web\images\auntie.jpg <-- home page /images auntie.jpg
2002.02.24 12:53 B C:\Program Files\WS_FTP\tmp\web\images\beedroom.jpg <-- home page /images beedroom.jpg
2002.02.24 12:53 B C:\Program Files\WS_FTP\tmp\web\images\bombers64.jpg <-- home page /images bombers64.jpg
2002.02.24 12:53 B C:\Program Files\WS_FTP\tmp\web\images\brewers71.jpg <-- home page /images brewers71.jpg
2002.02.24 12:53 B C:\Program Files\WS_FTP\tmp\web\images\bridge.jpg <-- home page /images bridge.jpg
2002.02.24 12:53 B C:\Program Files\WS_FTP\tmp\web\images\coaches1.jpg <-- home page /images coaches1.jpg
2002.02.24 12:53 B C:\Program Files\WS_FTP\tmp\web\images\deck.jpg <-- home page /images deck.jpg
2002.02.24 12:53 B C:\Program Files\WS_FTP\tmp\web\images\dressedkids.jpg <-- home page /images dressedkids.jpg
2002.02.24 12:53 B C:\Program Files\WS_FTP\tmp\web\images\eckrc.jpg <-- home page /images eckrc.jpg
2002.02.24 12:53 B C:\Program Files\WS_FTP\tmp\web\images\family-glous.jpg <-- home page /images family-glous.jpg
2002.02.24 12:53 B C:\Program Files\WS_FTP\tmp\web\images\family.jpg <-- home page /images family.jpg
2002.02.24 12:53 B C:\Program Files\WS_FTP\tmp\web\images\famroom1.jpg <-- home page /images famroom1.jpg
2002.02.24 12:53 B C:\Program Files\WS_FTP\tmp\web\images\famroom2.jpg <-- home page /images famroom2.jpg
2002.02.24 12:53 B C:\Program Files\WS_FTP\tmp\web\images\firstcomm.htm <-- home page /images firstcomm.htm
2002.02.24 12:53 B C:\Program Files\WS_FTP\tmp\web\images\firstcut.jpg <-- home page /images firstcut.jpg
2002.02.24 12:53 B C:\Program Files\WS_FTP\tmp\web\images\firstrun.jpg <-- home page /images firstrun.jpg
2002.02.24 12:53 B C:\Program Files\WS_FTP\tmp\web\images\flip.jpg <-- home page /images flip.jpg
2002.02.24 12:53 B C:\Program Files\WS_FTP\tmp\web\images\found.jpg <-- home page /images found.jpg
2002.02.24 12:53 B C:\Program Files\WS_FTP\tmp\web\images\generations.jpg <-- home page /images generations.jpg
2002.02.24 12:54 B C:\Program Files\WS_FTP\tmp\web\images\goalkick.jpg <-- home page /images goalkick.jpg
2002.02.24 12:54 B C:\Program Files\WS_FTP\tmp\web\images\gram3girls.jpg <-- home page /images gram3girls.jpg
2002.02.24 12:54 B C:\Program Files\WS_FTP\tmp\web\images\granna.jpg <-- home page /images granna.jpg
2002.02.24 12:54 B C:\Program Files\WS_FTP\tmp\web\images\house.JPG <-- home page /images house.JPG
2002.02.24 12:54 B C:\Program Files\WS_FTP\tmp\web\images\jv-frosh-coaches.jpg <-- home page /images jv-frosh-coaches.jpg
2002.02.24 12:54 B C:\Program Files\WS_FTP\tmp\web\images\keeper.jpg <-- home page /images keeper.jpg
2002.02.24 12:54 B C:\Program Files\WS_FTP\tmp\web\images\kellyhead.jpg <-- home page /images kellyhead.jpg
2002.02.24 12:54 B C:\Program Files\WS_FTP\tmp\web\images\kids.jpg <-- home page /images kids.jpg
2002.02.24 12:54 B C:\Program Files\WS_FTP\tmp\web\images\liam-dad.jpg <-- home page /images liam-dad.jpg
2002.02.24 12:54 B C:\Program Files\WS_FTP\tmp\web\images\liam-parents.jpg <-- home page /images liam-parents.jpg
2002.02.24 12:54 B C:\Program Files\WS_FTP\tmp\web\images\mac.jpg <-- home page /images mac.jpg
2002.02.24 12:54 B C:\Program Files\WS_FTP\tmp\web\images\maris.jpg <-- home page /images maris.jpg
2002.02.24 12:54 B C:\Program Files\WS_FTP\tmp\web\images\mark.jpg <-- home page /images mark.jpg
2002.02.24 12:54 B C:\Program Files\WS_FTP\tmp\web\images\mays54.jpg <-- home page /images mays54.jpg
2002.02.24 12:54 B C:\Program Files\WS_FTP\tmp\web\images\mcgraw-back.jpg <-- home page /images mcgraw-back.jpg
2002.02.24 12:54 B C:\Program Files\WS_FTP\tmp\web\images\mcgraw-front.jpg <-- home page /images mcgraw-front.jpg
2002.02.24 12:54 B C:\Program Files\WS_FTP\tmp\web\images\murrayrc.jpg <-- home page /images murrayrc.jpg
2002.02.24 12:54 B C:\Program Files\WS_FTP\tmp\web\images\nicecut.jpg <-- home page /images nicecut.jpg
2002.02.24 12:54 B C:\Program Files\WS_FTP\tmp\web\images\seantt2000.jpg <-- home page /images seantt2000.jpg
2002.02.24 12:54 B C:\Program Files\WS_FTP\tmp\web\images\searching.jpg <-- home page /images searching.jpg
2002.02.24 12:54 B C:\Program Files\WS_FTP\tmp\web\images\singing.jpg <-- home page /images singing.jpg
2002.02.24 12:54 B C:\Program Files\WS_FTP\tmp\web\images\spin.jpg <-- home page /images spin.jpg
2002.02.24 12:54 B C:\Program Files\WS_FTP\tmp\web\images\stchris.jpg <-- home page /images stchris.jpg
2002.02.24 12:54 B C:\Program Files\WS_FTP\tmp\web\images\Swing1.jpg <-- home page /images Swing1.jpg
2002.02.24 12:54 B C:\Program Files\WS_FTP\tmp\web\images\Swing2.jpg <-- home page /images Swing2.jpg
2002.02.24 12:54 B C:\Program Files\WS_FTP\tmp\web\images\Swing3.jpg <-- home page /images Swing3.jpg
2002.02.24 12:54 B C:\Program Files\WS_FTP\tmp\web\images\textbook.jpg <-- home page /images textbook.jpg
2002.02.24 13:22 B C:\Program Files\WS_FTP\tmp\web\images\aaron68.jpg --> upload.attbi.com /images aaron68.jpg
2002.02.24 13:22 B C:\Program Files\WS_FTP\tmp\web\images\aaron70.jpg --> upload.attbi.com /images aaron70.jpg
2002.02.24 13:22 B C:\Program Files\WS_FTP\tmp\web\images\aaronf.jpg --> upload.attbi.com /images aaronf.jpg
2002.02.24 13:23 B C:\Program Files\WS_FTP\tmp\web\images\addition-1.jpg --> upload.attbi.com /images addition-1.jpg
2002.02.24 13:23 B C:\Program Files\WS_FTP\tmp\web\images\addition-2.jpg --> upload.attbi.com /images addition-2.jpg
2002.02.24 13:23 B C:\Program Files\WS_FTP\tmp\web\images\addition-3.jpg --> upload.attbi.com /images addition-3.jpg
2002.02.24 13:23 B C:\Program Files\WS_FTP\tmp\web\images\addition-4.jpg --> upload.attbi.com /images addition-4.jpg
2002.02.24 13:23 B C:\Program Files\WS_FTP\tmp\web\images\auntie.jpg --> upload.attbi.com /images auntie.jpg
2002.02.24 13:23 B C:\Program Files\WS_FTP\tmp\web\images\beedroom.jpg --> upload.attbi.com /images beedroom.jpg
2002.02.24 13:23 B C:\Program Files\WS_FTP\tmp\web\images\bombers64.jpg --> upload.attbi.com /images bombers64.jpg
2002.02.24 13:23 B C:\Program Files\WS_FTP\tmp\web\images\brewers71.jpg --> upload.attbi.com /images brewers71.jpg
2002.02.24 13:23 B C:\Program Files\WS_FTP\tmp\web\images\bridge.jpg --> upload.attbi.com /images bridge.jpg
2002.02.24 13:23 B C:\Program Files\WS_FTP\tmp\web\images\coaches1.jpg --> upload.attbi.com /images coaches1.jpg
2002.02.24 13:23 B C:\Program Files\WS_FTP\tmp\web\images\deck.jpg --> upload.attbi.com /images deck.jpg
2002.02.24 13:23 B C:\Program Files\WS_FTP\tmp\web\images\dressedkids.jpg --> upload.attbi.com /images dressedkids.jpg
2002.02.24 13:23 B C:\Program Files\WS_FTP\tmp\web\images\eckrc.jpg --> upload.attbi.com /images eckrc.jpg
2002.02.24 13:23 B C:\Program Files\WS_FTP\tmp\web\images\family-glous.jpg --> upload.attbi.com /images family-glous.jpg
2002.02.24 13:23 B C:\Program Files\WS_FTP\tmp\web\images\family.jpg --> upload.attbi.com /images family.jpg
2002.02.24 13:23 B C:\Program Files\WS_FTP\tmp\web\images\famroom1.jpg --> upload.attbi.com /images famroom1.jpg
2002.02.24 13:23 B C:\Program Files\WS_FTP\tmp\web\images\famroom2.jpg --> upload.attbi.com /images famroom2.jpg
2002.02.24 13:23 B C:\Program Files\WS_FTP\tmp\web\images\firstcomm.htm --> upload.attbi.com /images firstcomm.htm
2002.02.24 13:23 B C:\Program Files\WS_FTP\tmp\web\images\firstcut.jpg --> upload.attbi.com /images firstcut.jpg
2002.02.24 13:23 B C:\Program Files\WS_FTP\tmp\web\images\firstrun.jpg --> upload.attbi.com /images firstrun.jpg
2002.02.24 13:23 B C:\Program Files\WS_FTP\tmp\web\images\flip.jpg --> upload.attbi.com /images flip.jpg
2002.02.24 13:23 B C:\Program Files\WS_FTP\tmp\web\images\found.jpg --> upload.attbi.com /images found.jpg
2002.02.24 13:23 B C:\Program Files\WS_FTP\tmp\web\images\generations.jpg --> upload.attbi.com /images generations.jpg
2002.02.24 13:23 B C:\Program Files\WS_FTP\tmp\web\images\goalkick.jpg --> upload.attbi.com /images goalkick.jpg
2002.02.24 13:23 B C:\Program Files\WS_FTP\tmp\web\images\gram3girls.jpg --> upload.attbi.com /images gram3girls.jpg
2002.02.24 13:23 B C:\Program Files\WS_FTP\tmp\web\images\granna.jpg --> upload.attbi.com /images granna.jpg
2002.02.24 13:23 B C:\Program Files\WS_FTP\tmp\web\images\house.JPG --> upload.attbi.com /images house.JPG
2002.02.24 13:23 B C:\Program Files\WS_FTP\tmp\web\images\jv-frosh-coaches.jpg --> upload.attbi.com /images jv-frosh-coaches.jpg
2002.02.24 13:23 B C:\Program Files\WS_FTP\tmp\web\images\keeper.jpg --> upload.attbi.com /images keeper.jpg
2002.02.24 13:23 B C:\Program Files\WS_FTP\tmp\web\images\kellyhead.jpg --> upload.attbi.com /images kellyhead.jpg
2002.02.24 13:23 B C:\Program Files\WS_FTP\tmp\web\images\kids.jpg --> upload.attbi.com /images kids.jpg
2002.02.24 13:23 B C:\Program Files\WS_FTP\tmp\web\images\liam-dad.jpg --> upload.attbi.com /images liam-dad.jpg
2002.02.24 13:23 B C:\Program Files\WS_FTP\tmp\web\images\liam-parents.jpg --> upload.attbi.com /images liam-parents.jpg
2002.02.24 13:23 B C:\Program Files\WS_FTP\tmp\web\images\mac.jpg --> upload.attbi.com /images mac.jpg
2002.02.24 13:24 B C:\Program Files\WS_FTP\tmp\web\images\maris.jpg --> upload.attbi.com /images maris.jpg
2002.02.24 13:24 B C:\Program Files\WS_FTP\tmp\web\images\mark.jpg --> upload.attbi.com /images mark.jpg
2002.02.24 13:24 B C:\Program Files\WS_FTP\tmp\web\images\mays54.jpg --> upload.attbi.com /images mays54.jpg
2002.02.24 13:24 B C:\Program Files\WS_FTP\tmp\web\images\mcgraw-back.jpg --> upload.attbi.com /images mcgraw-back.jpg
2002.02.24 13:24 B C:\Program Files\WS_FTP\tmp\web\images\mcgraw-front.jpg --> upload.attbi.com /images mcgraw-front.jpg
2002.02.24 13:24 B C:\Program Files\WS_FTP\tmp\web\images\murrayrc.jpg --> upload.attbi.com /images murrayrc.jpg
2002.02.24 13:24 B C:\Program Files\WS_FTP\tmp\web\images\nicecut.jpg --> upload.attbi.com /images nicecut.jpg
2002.02.24 13:24 B C:\Program Files\WS_FTP\tmp\web\images\seantt2000.jpg --> upload.attbi.com /images seantt2000.jpg
2002.02.24 13:24 B C:\Program Files\WS_FTP\tmp\web\images\searching.jpg --> upload.attbi.com /images searching.jpg
2002.02.24 13:24 B C:\Program Files\WS_FTP\tmp\web\images\singing.jpg --> upload.attbi.com /images singing.jpg
2002.02.24 13:24 B C:\Program Files\WS_FTP\tmp\web\images\spin.jpg --> upload.attbi.com /images spin.jpg
2002.02.24 13:24 B C:\Program Files\WS_FTP\tmp\web\images\stchris.jpg --> upload.attbi.com /images stchris.jpg
2002.02.24 13:24 B C:\Program Files\WS_FTP\tmp\web\images\Swing1.jpg --> upload.attbi.com /images Swing1.jpg
2002.02.24 13:24 B C:\Program Files\WS_FTP\tmp\web\images\Swing2.jpg --> upload.attbi.com /images Swing2.jpg
2002.02.24 13:24 B C:\Program Files\WS_FTP\tmp\web\images\Swing3.jpg --> upload.attbi.com /images Swing3.jpg
2002.02.24 13:24 B C:\Program Files\WS_FTP\tmp\web\images\textbook.jpg --> upload.attbi.com /images textbook.jpg
